#
# There is insufficient memory for the Java Runtime Environment to continue.
# Native memory allocation (mmap) failed to map 132120576 bytes for Failed to commit area from 0x0000000082c00000 to 0x000000008aa00000 of length 132120576.
# Possible reasons:
#   The system is out of physical RAM or swap space
#   The process is running with CompressedOops enabled, and the Java Heap may be blocking the growth of the native heap
# Possible solutions:
#   Reduce memory load on the system
#   Increase physical memory or swap space
#   Check if swap backing store is full
#   Decrease Java heap size (-Xmx/-Xms)
#   Decrease number of Java threads
#   Decrease Java thread stack sizes (-Xss)
#   Set larger code cache with -XX:ReservedCodeCacheSize=
# This output file may be truncated or incomplete.
#
#  Out of Memory Error (./open/src/hotspot/os/windows/os_windows.cpp:3287), pid=15180, tid=21492
#
# JRE version:  (11.0.16+11) (build )
# Java VM: Java HotSpot(TM) 64-Bit Server VM (11.0.16+11-LTS-199, mixed mode, sharing, tiered, compressed oops, g1 gc, windows-amd64)
# No core dump will be written. Minidumps are not enabled by default on client versions of Windows
#

---------------  S U M M A R Y ------------

Command Line: -Dmaven.multiModuleProjectDirectory=C:\Users\Student01\Desktop\Training\CourseWork -Dmaven.home=C:\Program Files\JetBrains\IntelliJ IDEA 2020.3.2\plugins\maven\lib\maven3 -Dclassworlds.conf=C:\Program Files\JetBrains\IntelliJ IDEA 2020.3.2\plugins\maven\lib\maven3\bin\m2.conf -Dmaven.ext.class.path=C:\Program Files\JetBrains\IntelliJ IDEA 2020.3.2\plugins\maven\lib\maven-event-listener.jar -javaagent:C:\Program Files\JetBrains\IntelliJ IDEA 2020.3.2\lib\idea_rt.jar=59403:C:\Program Files\JetBrains\IntelliJ IDEA 2020.3.2\bin -Dfile.encoding=UTF-8 org.codehaus.classworlds.Launcher -Didea.version=2020.3.4 install

Host: Intel(R) Core(TM) i5-8265U CPU @ 1.60GHz, 8 cores, 7G,  Windows 10 , 64 bit Build 19041 (10.0.19041.1889)
Time: Sun Oct 16 01:52:22 2022  Windows 10 , 64 bit Build 19041 (10.0.19041.1889) elapsed time: 0.035674 seconds (0d 0h 0m 0s)

---------------  T H R E A D  ---------------

Current thread (0x0000018d44189000):  JavaThread "Unknown thread" [_thread_in_vm, id=21492, stack(0x0000004a27000000,0x0000004a27100000)]

Stack: [0x0000004a27000000,0x0000004a27100000]
Native frames: (J=compiled Java code, j=interpreted, Vv=VM code, C=native code)
V  [jvm.dll+0x62a3ea]
V  [jvm.dll+0x76418f]
V  [jvm.dll+0x765839]
V  [jvm.dll+0x765ec3]
V  [jvm.dll+0x23da98]
V  [jvm.dll+0x62770a]
V  [jvm.dll+0x61c475]
V  [jvm.dll+0x2f2aac]
V  [jvm.dll+0x2f2932]
V  [jvm.dll+0x2f7656]
V  [jvm.dll+0x33a1cf]
V  [jvm.dll+0x339c00]
V  [jvm.dll+0x2d00c8]
V  [jvm.dll+0x2d1236]
V  [jvm.dll+0x73e757]
V  [jvm.dll+0x73ffef]
V  [jvm.dll+0x346ef9]
V  [jvm.dll+0x723f90]
V  [jvm.dll+0x3b5adf]
V  [jvm.dll+0x3b7bf1]
C  [jli.dll+0x5207]
C  [ucrtbase.dll+0x21bb2]
C  [KERNEL32.DLL+0x17034]
C  [ntdll.dll+0x526a1]


---------------  P R O C E S S  ---------------

Threads class SMR info:
_java_thread_list=0x0000018d44082580, length=0, elements={
}

Java Threads: ( => current thread )

Other Threads:
  0x0000018d4419d000 GCTaskThread "GC Thread#0" [stack: 0x0000004a27100000,0x0000004a27200000] [id=21380]
  0x0000018d441ce800 ConcurrentGCThread "G1 Main Marker" [stack: 0x0000004a27200000,0x0000004a27300000] [id=21372]
  0x0000018d441d0800 ConcurrentGCThread "G1 Conc#0" [stack: 0x0000004a27300000,0x0000004a27400000] [id=11840]

[error occurred during error reporting (printing all threads), id 0xc0000005, EXCEPTION_ACCESS_VIOLATION (0xc0000005) at pc=0x00007ff98545f357]

VM state:not at safepoint (not fully initialized)

VM Mutex/Monitor currently owned by a thread:  ([mutex/lock_event])
[0x0000018d44186010] Heap_lock - owner thread: 0x0000018d44189000

Heap address: 0x0000000082c00000, size: 2004 MB, Compressed Oops mode: Non-zero based: 0x0000000082c00000
Narrow klass base: 0x0000000000000000, Narrow klass shift: 0

GC Heap History (0 events):
No events

Deoptimization events (0 events):
No events

Classes redefined (0 events):
No events

Internal exceptions (0 events):
No events

Events (0 events):
No events


Dynamic libraries:
0x00007ff7f1710000 - 0x00007ff7f171f000 	C:\Program Files\Java\jdk-11.0.16\bin\java.exe
0x00007ffa14030000 - 0x00007ffa14228000 	C:\WINDOWS\SYSTEM32\ntdll.dll
0x00007ffa13580000 - 0x00007ffa1363d000 	C:\WINDOWS\System32\KERNEL32.DLL
0x00007ffa11ca0000 - 0x00007ffa11f6e000 	C:\WINDOWS\System32\KERNELBASE.dll
0x00007ffa11720000 - 0x00007ffa11820000 	C:\WINDOWS\System32\ucrtbase.dll
0x00007ff9ebaf0000 - 0x00007ff9ebb08000 	C:\Program Files\Java\jdk-11.0.16\bin\jli.dll
0x00007ff9f2170000 - 0x00007ff9f2185000 	C:\Program Files\Java\jdk-11.0.16\bin\VCRUNTIME140.dll
0x00007ffa13340000 - 0x00007ffa133ee000 	C:\WINDOWS\System32\ADVAPI32.dll
0x00007ffa131f0000 - 0x00007ffa1328e000 	C:\WINDOWS\System32\msvcrt.dll
0x00007ffa12df0000 - 0x00007ffa12e8c000 	C:\WINDOWS\System32\sechost.dll
0x00007ffa12cc0000 - 0x00007ffa12de5000 	C:\WINDOWS\System32\RPCRT4.dll
0x00007ffa12ac0000 - 0x00007ffa12c60000 	C:\WINDOWS\System32\USER32.dll
0x00007ffa11850000 - 0x00007ffa11872000 	C:\WINDOWS\System32\win32u.dll
0x00007ff9effd0000 - 0x00007ff9f026a000 	C:\WINDOWS\WinSxS\amd64_microsoft.windows.common-controls_6595b64144ccf1df_6.0.19041.1110_none_60b5254171f9507e\COMCTL32.dll
0x00007ffa13650000 - 0x00007ffa1367a000 	C:\WINDOWS\System32\GDI32.dll
0x00007ffa118f0000 - 0x00007ffa119fb000 	C:\WINDOWS\System32\gdi32full.dll
0x00007ffa11f70000 - 0x00007ffa1200d000 	C:\WINDOWS\System32\msvcp_win.dll
0x00007ffa0aeb0000 - 0x00007ffa0aeba000 	C:\WINDOWS\SYSTEM32\VERSION.dll
0x00007ffa12060000 - 0x00007ffa12090000 	C:\WINDOWS\System32\IMM32.DLL
0x00007ff9dcfc0000 - 0x00007ff9dd05b000 	C:\Program Files\Java\jdk-11.0.16\bin\msvcp140.dll
0x00007ff985180000 - 0x00007ff985c98000 	C:\Program Files\Java\jdk-11.0.16\bin\server\jvm.dll
0x00007ffa133f0000 - 0x00007ffa133f8000 	C:\WINDOWS\System32\PSAPI.DLL
0x00007ff9f9c70000 - 0x00007ff9f9c97000 	C:\WINDOWS\SYSTEM32\WINMM.dll
0x00007ff9ebb30000 - 0x00007ff9ebb39000 	C:\WINDOWS\SYSTEM32\WSOCK32.dll
0x00007ffa13f50000 - 0x00007ffa13fbb000 	C:\WINDOWS\System32\WS2_32.dll
0x00007ffa0f5d0000 - 0x00007ffa0f5e2000 	C:\WINDOWS\SYSTEM32\kernel.appcore.dll
0x00007ffa0d210000 - 0x00007ffa0d220000 	C:\Program Files\Java\jdk-11.0.16\bin\verify.dll
0x00007ffa0a480000 - 0x00007ffa0a664000 	C:\WINDOWS\SYSTEM32\DBGHELP.DLL
0x00007ff9eaf90000 - 0x00007ff9eafbc000 	C:\WINDOWS\SYSTEM32\dbgcore.DLL
0x00007ffa11a00000 - 0x00007ffa11a82000 	C:\WINDOWS\System32\bcryptPrimitives.dll
0x00007ff9e2f20000 - 0x00007ff9e2f48000 	C:\Program Files\Java\jdk-11.0.16\bin\java.dll
0x00007ffa0d180000 - 0x00007ffa0d18a000 	C:\Program Files\Java\jdk-11.0.16\bin\jimage.dll
0x00007ff9ef070000 - 0x00007ff9ef07e000 	C:\Program Files\Java\jdk-11.0.16\bin\instrument.dll
0x00007ff9e35e0000 - 0x00007ff9e35f6000 	C:\Program Files\Java\jdk-11.0.16\bin\zip.dll

dbghelp: loaded successfully - version: 4.0.5 - missing functions: none
symbol engine: initialized successfully - sym options: 0x614 - pdb path: .;C:\Program Files\Java\jdk-11.0.16\bin;C:\WINDOWS\SYSTEM32;C:\WINDOWS\WinSxS\amd64_microsoft.windows.common-controls_6595b64144ccf1df_6.0.19041.1110_none_60b5254171f9507e;C:\Program Files\Java\jdk-11.0.16\bin\server

VM Arguments:
jvm_args: -Dmaven.multiModuleProjectDirectory=C:\Users\Student01\Desktop\Training\CourseWork -Dmaven.home=C:\Program Files\JetBrains\IntelliJ IDEA 2020.3.2\plugins\maven\lib\maven3 -Dclassworlds.conf=C:\Program Files\JetBrains\IntelliJ IDEA 2020.3.2\plugins\maven\lib\maven3\bin\m2.conf -Dmaven.ext.class.path=C:\Program Files\JetBrains\IntelliJ IDEA 2020.3.2\plugins\maven\lib\maven-event-listener.jar -javaagent:C:\Program Files\JetBrains\IntelliJ IDEA 2020.3.2\lib\idea_rt.jar=59403:C:\Program Files\JetBrains\IntelliJ IDEA 2020.3.2\bin -Dfile.encoding=UTF-8 
java_command: org.codehaus.classworlds.Launcher -Didea.version=2020.3.4 install
java_class_path (initial): C:\Program Files\JetBrains\IntelliJ IDEA 2020.3.2\plugins\maven\lib\maven3\boot\plexus-classworlds-2.6.0.jar;C:\Program Files\JetBrains\IntelliJ IDEA 2020.3.2\plugins\maven\lib\maven3\boot\plexus-classworlds.license
Launcher Type: SUN_STANDARD

[Global flags]
     intx CICompilerCount                          = 4                                         {product} {ergonomic}
     uint ConcGCThreads                            = 2                                         {product} {ergonomic}
     uint G1ConcRefinementThreads                  = 8                                         {product} {ergonomic}
   size_t G1HeapRegionSize                         = 1048576                                   {product} {ergonomic}
    uintx GCDrainStackTargetSize                   = 64                                        {product} {ergonomic}
   size_t InitialHeapSize                          = 132120576                                 {product} {ergonomic}
   size_t MarkStackSize                            = 4194304                                   {product} {ergonomic}
   size_t MaxHeapSize                              = 2101346304                                {product} {ergonomic}
   size_t MinHeapDeltaBytes                        = 1048576                                   {product} {ergonomic}
    uintx NonNMethodCodeHeapSize                   = 5836300                                {pd product} {ergonomic}
    uintx NonProfiledCodeHeapSize                  = 122910970                              {pd product} {ergonomic}
    uintx ProfiledCodeHeapSize                     = 122910970                              {pd product} {ergonomic}
    uintx ReservedCodeCacheSize                    = 251658240                              {pd product} {ergonomic}
     bool SegmentedCodeCache                       = true                                      {product} {ergonomic}
     bool UseCompressedClassPointers               = true                                 {lp64_product} {ergonomic}
     bool UseCompressedOops                        = true                                 {lp64_product} {ergonomic}
     bool UseG1GC                                  = true                                      {product} {ergonomic}
     bool UseLargePagesIndividualAllocation        = false                                  {pd product} {ergonomic}

Logging:
Log output configuration:
 #0: stdout all=warning uptime,level,tags
 #1: stderr all=off uptime,level,tags

Environment Variables:
JAVA_HOME=C:\Program Files\Java\jdk1.8.0_202
PATH=C:\Program Files\Java\jdk1.8.0_202\bin;C:\Users\Student01\bin\Sencha\Cmd\5.1.0.26;C:\Program Files\Common Files\Oracle\Java\javapath;C:\Program Files (x86)\Intel\Intel(R) Management Engine Components\iCLS\;C:\Program Files\Intel\Intel(R) Management Engine Components\iCLS\;C:\windows\system32;C:\windows;C:\windows\System32\Wbem;C:\windows\System32\WindowsPowerShell\v1.0\;C:\windows\System32\OpenSSH\;C:\Program Files (x86)\Intel\Intel(R) Management Engine Components\DAL;C:\Program Files\Intel\Intel(R) Management Engine Components\DAL;C:\Program Files (x86)\NVIDIA Corporation\PhysX\Common;C:\Program Files\Intel\WiFi\bin\;C:\Program Files\Common Files\Intel\WirelessCommon\;C:\WINDOWS\system32;C:\WINDOWS;C:\WINDOWS\System32\Wbem;C:\WINDOWS\System32\WindowsPowerShell\v1.0\;C:\WINDOWS\System32\OpenSSH\;C:\Program Files\PostgreSQL\13\bin;C:\Program Files\wkhtmltopdf\bin;C:\Program Files\Git\cmd;C:\Program Files\CMake\bin;C:\Users\Student01\AppData\Local\Programs\Python\Python39\Scripts;C:\Users\Student01\Documents\flutter\bin;C:\Users\Student01\Downloads\apache-maven-3.8.6-bin\apache-maven-3.8.6\bin;C:\Ruby27-x64\bin;C:\Program Files\Java\scripts;C:\Program Files (x86)\dotnet\;C:\Program Files\nodejs\;C:\Ruby27-x64\bin;C:\Users\Student01\AppData\Local\Programs\Microsoft VS Code\bin;C:\Program Files\heroku\bin;C:\Users\Student01\AppData\Roaming\npm
USERNAME=Student01
OS=Windows_NT
PROCESSOR_IDENTIFIER=Intel64 Family 6 Model 142 Stepping 11, GenuineIntel



---------------  S Y S T E M  ---------------

OS: Windows 10 , 64 bit Build 19041 (10.0.19041.1889)
Hyper-V role detected

CPU:total 8 (initial active 8) (4 cores per cpu, 2 threads per core) family 6 model 142 stepping 11 microcode 0xae, cmov, cx8, fxsr, mmx, sse, sse2, sse3, ssse3, sse4.1, sse4.2, popcnt, avx, avx2, aes, clmul, erms, 3dnowpref, lzcnt, ht, tsc, tscinvbit, bmi1, bmi2, adx, fma

Memory: 4k page, system-wide physical 8013M (680M free)
TotalPageFile size 13017M (AvailPageFile size 44M)
current process WorkingSet (physical memory assigned to process): 10M, peak: 10M
current process commit charge ("private bytes"): 60M, peak: 186M

vm_info: Java HotSpot(TM) 64-Bit Server VM (11.0.16+11-LTS-199) for windows-amd64 JRE (11.0.16+11-LTS-199), built on Jun 28 2022 08:23:17 by "mach5one" with MS VC++ 15.9 (VS2017)

END.
